# JRE version: Java(TM) SE Runtime Environment (8.0_181-b13) (build 1.8.0_181-b13)
# Java VM: Java HotSpot(TM) 64-Bit Server VM (25.181-b13 mixed mode linux-amd64 compressed oops)
Heap:
 PSYoungGen      total 279040K, used 20192K [0x00000000eab00000, 0x00000000fd480000, 0x0000000100000000)
  eden space 253440K, 0% used [0x00000000eab00000,0x00000000eab00000,0x00000000fa280000)
  from space 25600K, 78% used [0x00000000fa280000,0x00000000fb638260,0x00000000fbb80000)
  to   space 23040K, 0% used [0x00000000fbe00000,0x00000000fbe00000,0x00000000fd480000)
 ParOldGen       total 117760K, used 42554K [0x00000000c0000000, 0x00000000c7300000, 0x00000000eab00000)
  object space 117760K, 36% used [0x00000000c0000000,0x00000000c298ea98,0x00000000c7300000)
 Metaspace       used 75278K, capacity 75866K, committed 76184K, reserved 1114112K
  class space    used 10966K, capacity 11108K, committed 11184K, reserved 1048576K
GC Heap History (10 events):
Event: 5,759 GC heap after
Heap after GC invocations=11 (full 2):
 PSYoungGen      total 168448K, used 9195K [0x00000000eab00000, 0x00000000f8c80000, 0x0000000100000000)
  eden space 159232K, 0% used [0x00000000eab00000,0x00000000eab00000,0x00000000f4680000)
  from space 9216K, 99% used [0x00000000f4680000,0x00000000f4f7acf0,0x00000000f4f80000)
  to   space 13824K, 0% used [0x00000000f7f00000,0x00000000f7f00000,0x00000000f8c80000)
 ParOldGen       total 78848K, used 17760K [0x00000000c0000000, 0x00000000c4d00000, 0x00000000eab00000)
  object space 78848K, 22% used [0x00000000c0000000,0x00000000c11582a8,0x00000000c4d00000)
 Metaspace       used 50997K, capacity 51252K, committed 51632K, reserved 1093632K
  class space    used 7164K, capacity 7236K, committed 7344K, reserved 1048576K
}
Event: 7,114 GC heap before
{Heap before GC invocations=12 (full 2):
 PSYoungGen      total 168448K, used 123057K [0x00000000eab00000, 0x00000000f8c80000, 0x0000000100000000)
  eden space 159232K, 71% used [0x00000000eab00000,0x00000000f1a318a0,0x00000000f4680000)
  from space 9216K, 99% used [0x00000000f4680000,0x00000000f4f7acf0,0x00000000f4f80000)
  to   space 13824K, 0% used [0x00000000f7f00000,0x00000000f7f00000,0x00000000f8c80000)
 ParOldGen       total 78848K, used 17760K [0x00000000c0000000, 0x00000000c4d00000, 0x00000000eab00000)
  object space 78848K, 22% used [0x00000000c0000000,0x00000000c11582a8,0x00000000c4d00000)
 Metaspace       used 58464K, capacity 58786K, committed 59160K, reserved 1099776K
  class space    used 8402K, capacity 8487K, committed 8496K, reserved 1048576K
Event: 7,143 GC heap after
Heap after GC invocations=12 (full 2):
 PSYoungGen      total 215040K, used 13801K [0x00000000eab00000, 0x00000000f9280000, 0x0000000100000000)
  eden space 201216K, 0% used [0x00000000eab00000,0x00000000eab00000,0x00000000f6f80000)
  from space 13824K, 99% used [0x00000000f7f00000,0x00000000f8c7a428,0x00000000f8c80000)
  to   space 15872K, 0% used [0x00000000f6f80000,0x00000000f6f80000,0x00000000f7f00000)
 ParOldGen       total 78848K, used 18470K [0x00000000c0000000, 0x00000000c4d00000, 0x00000000eab00000)
  object space 78848K, 23% used [0x00000000c0000000,0x00000000c12098e8,0x00000000c4d00000)
 Metaspace       used 58464K, capacity 58786K, committed 59160K, reserved 1099776K
  class space    used 8402K, capacity 8487K, committed 8496K, reserved 1048576K
}
Event: 7,143 GC heap before
{Heap before GC invocations=13 (full 3):
 PSYoungGen      total 215040K, used 13801K [0x00000000eab00000, 0x00000000f9280000, 0x0000000100000000)
  eden space 201216K, 0% used [0x00000000eab00000,0x00000000eab00000,0x00000000f6f80000)
  from space 13824K, 99% used [0x00000000f7f00000,0x00000000f8c7a428,0x00000000f8c80000)
  to   space 15872K, 0% used [0x00000000f6f80000,0x00000000f6f80000,0x00000000f7f00000)
 ParOldGen       total 78848K, used 18470K [0x00000000c0000000, 0x00000000c4d00000, 0x00000000eab00000)
  object space 78848K, 23% used [0x00000000c0000000,0x00000000c12098e8,0x00000000c4d00000)
 Metaspace       used 58464K, capacity 58786K, committed 59160K, reserved 1099776K
  class space    used 8402K, capacity 8487K, committed 8496K, reserved 1048576K
Event: 7,244 GC heap after
Heap after GC invocations=13 (full 3):
 PSYoungGen      total 215040K, used 0K [0x00000000eab00000, 0x00000000f9280000, 0x0000000100000000)
  eden space 201216K, 0% used [0x00000000eab00000,0x00000000eab00000,0x00000000f6f80000)
  from space 13824K, 0% used [0x00000000f7f00000,0x00000000f7f00000,0x00000000f8c80000)
  to   space 15872K, 0% used [0x00000000f6f80000,0x00000000f6f80000,0x00000000f7f00000)
 ParOldGen       total 117760K, used 20572K [0x00000000c0000000, 0x00000000c7300000, 0x00000000eab00000)
  object space 117760K, 17% used [0x00000000c0000000,0x00000000c1417138,0x00000000c7300000)
 Metaspace       used 58464K, capacity 58786K, committed 59160K, reserved 1099776K
  class space    used 8402K, capacity 8487K, committed 8496K, reserved 1048576K
}
Event: 10,489 GC heap before
{Heap before GC invocations=14 (full 3):
 PSYoungGen      total 215040K, used 185075K [0x00000000eab00000, 0x00000000f9280000, 0x0000000100000000)
  eden space 201216K, 91% used [0x00000000eab00000,0x00000000f5fbccf8,0x00000000f6f80000)
  from space 13824K, 0% used [0x00000000f7f00000,0x00000000f7f00000,0x00000000f8c80000)
  to   space 15872K, 0% used [0x00000000f6f80000,0x00000000f6f80000,0x00000000f7f00000)
 ParOldGen       total 117760K, used 20572K [0x00000000c0000000, 0x00000000c7300000, 0x00000000eab00000)
  object space 117760K, 17% used [0x00000000c0000000,0x00000000c1417138,0x00000000c7300000)
 Metaspace       used 71014K, capacity 71558K, committed 71832K, reserved 1110016K
  class space    used 10438K, capacity 10557K, committed 10672K, reserved 1048576K
Event: 10,586 GC heap after
Heap after GC invocations=14 (full 3):
 PSYoungGen      total 217088K, used 15850K [0x00000000eab00000, 0x00000000fd580000, 0x0000000100000000)
  eden space 201216K, 0% used [0x00000000eab00000,0x00000000eab00000,0x00000000f6f80000)
  from space 15872K, 99% used [0x00000000f6f80000,0x00000000f7efa808,0x00000000f7f00000)
  to   space 24064K, 0% used [0x00000000fbe00000,0x00000000fbe00000,0x00000000fd580000)
 ParOldGen       total 117760K, used 37181K [0x00000000c0000000, 0x00000000c7300000, 0x00000000eab00000)
  object space 117760K, 31% used [0x00000000c0000000,0x00000000c244f6d8,0x00000000c7300000)
 Metaspace       used 71014K, capacity 71558K, committed 71832K, reserved 1110016K
  class space    used 10438K, capacity 10557K, committed 10672K, reserved 1048576K
}
Event: 12,580 GC heap before
{Heap before GC invocations=15 (full 3):
 PSYoungGen      total 217088K, used 217066K [0x00000000eab00000, 0x00000000fd580000, 0x0000000100000000)
  eden space 201216K, 100% used [0x00000000eab00000,0x00000000f6f80000,0x00000000f6f80000)
  from space 15872K, 99% used [0x00000000f6f80000,0x00000000f7efa808,0x00000000f7f00000)
  to   space 24064K, 0% used [0x00000000fbe00000,0x00000000fbe00000,0x00000000fd580000)
 ParOldGen       total 117760K, used 37181K [0x00000000c0000000, 0x00000000c7300000, 0x00000000eab00000)
  object space 117760K, 31% used [0x00000000c0000000,0x00000000c244f6d8,0x00000000c7300000)
 Metaspace       used 73109K, capacity 73608K, committed 73752K, reserved 1112064K
  class space    used 10653K, capacity 10789K, committed 10800K, reserved 1048576K
Event: 12,600 GC heap after
Heap after GC invocations=15 (full 3):
 PSYoungGen      total 276480K, used 18561K [0x00000000eab00000, 0x00000000fd480000, 0x0000000100000000)
  eden space 253440K, 0% used [0x00000000eab00000,0x00000000eab00000,0x00000000fa280000)
  from space 23040K, 80% used [0x00000000fbe00000,0x00000000fd020538,0x00000000fd480000)
  to   space 25600K, 0% used [0x00000000fa280000,0x00000000fa280000,0x00000000fbb80000)
 ParOldGen       total 117760K, used 42538K [0x00000000c0000000, 0x00000000c7300000, 0x00000000eab00000)
  object space 117760K, 36% used [0x00000000c0000000,0x00000000c298aa88,0x00000000c7300000)
 Metaspace       used 73109K, capacity 73608K, committed 73752K, reserved 1112064K
  class space    used 10653K, capacity 10789K, committed 10800K, reserved 1048576K
}
Event: 19,048 GC heap before
{Heap before GC invocations=16 (full 3):
 PSYoungGen      total 276480K, used 272001K [0x00000000eab00000, 0x00000000fd480000, 0x0000000100000000)
  eden space 253440K, 100% used [0x00000000eab00000,0x00000000fa280000,0x00000000fa280000)
  from space 23040K, 80% used [0x00000000fbe00000,0x00000000fd020538,0x00000000fd480000)
  to   space 25600K, 0% used [0x00000000fa280000,0x00000000fa280000,0x00000000fbb80000)
 ParOldGen       total 117760K, used 42538K [0x00000000c0000000, 0x00000000c7300000, 0x00000000eab00000)
  object space 117760K, 36% used [0x00000000c0000000,0x00000000c298aa88,0x00000000c7300000)
 Metaspace       used 75278K, capacity 75866K, committed 76184K, reserved 1114112K
  class space    used 10966K, capacity 11108K, committed 11184K, reserved 1048576K

