# JRE version: Java(TM) SE Runtime Environment (8.0_181-b13) (build 1.8.0_181-b13)
# Java VM: Java HotSpot(TM) 64-Bit Server VM (25.181-b13 mixed mode linux-amd64 compressed oops)
Heap:
 PSYoungGen      total 250368K, used 15847K [0x00000000eab00000, 0x00000000faf00000, 0x0000000100000000)
  eden space 234496K, 0% used [0x00000000eab00000,0x00000000eab00000,0x00000000f9000000)
  from space 15872K, 99% used [0x00000000f9000000,0x00000000f9f79cf0,0x00000000f9f80000)
  to   space 14336K, 0% used [0x00000000fa000000,0x00000000fa000000,0x00000000fae00000)
 ParOldGen       total 107520K, used 53675K [0x00000000c0000000, 0x00000000c6900000, 0x00000000eab00000)
  object space 107520K, 49% used [0x00000000c0000000,0x00000000c346acf0,0x00000000c6900000)
 Metaspace       used 72518K, capacity 73004K, committed 73344K, reserved 1112064K
  class space    used 10632K, capacity 10757K, committed 10880K, reserved 1048576K
GC Heap History (10 events):
Event: 7,511 GC heap after
Heap after GC invocations=9 (full 1):
 PSYoungGen      total 188928K, used 4491K [0x00000000eab00000, 0x00000000f8600000, 0x0000000100000000)
  eden space 179712K, 0% used [0x00000000eab00000,0x00000000eab00000,0x00000000f5a80000)
  from space 9216K, 48% used [0x00000000f6380000,0x00000000f67e2e40,0x00000000f6c80000)
  to   space 9216K, 0% used [0x00000000f5a80000,0x00000000f5a80000,0x00000000f6380000)
 ParOldGen       total 48128K, used 8166K [0x00000000c0000000, 0x00000000c2f00000, 0x00000000eab00000)
  object space 48128K, 16% used [0x00000000c0000000,0x00000000c07f9a20,0x00000000c2f00000)
 Metaspace       used 34907K, capacity 35158K, committed 35416K, reserved 1079296K
  class space    used 4786K, capacity 4860K, committed 4864K, reserved 1048576K
}
Event: 7,511 GC heap before
{Heap before GC invocations=10 (full 2):
 PSYoungGen      total 188928K, used 4491K [0x00000000eab00000, 0x00000000f8600000, 0x0000000100000000)
  eden space 179712K, 0% used [0x00000000eab00000,0x00000000eab00000,0x00000000f5a80000)
  from space 9216K, 48% used [0x00000000f6380000,0x00000000f67e2e40,0x00000000f6c80000)
  to   space 9216K, 0% used [0x00000000f5a80000,0x00000000f5a80000,0x00000000f6380000)
 ParOldGen       total 48128K, used 8166K [0x00000000c0000000, 0x00000000c2f00000, 0x00000000eab00000)
  object space 48128K, 16% used [0x00000000c0000000,0x00000000c07f9a20,0x00000000c2f00000)
 Metaspace       used 34907K, capacity 35158K, committed 35416K, reserved 1079296K
  class space    used 4786K, capacity 4860K, committed 4864K, reserved 1048576K
Event: 7,585 GC heap after
Heap after GC invocations=10 (full 2):
 PSYoungGen      total 188928K, used 0K [0x00000000eab00000, 0x00000000f8600000, 0x0000000100000000)
  eden space 179712K, 0% used [0x00000000eab00000,0x00000000eab00000,0x00000000f5a80000)
  from space 9216K, 0% used [0x00000000f6380000,0x00000000f6380000,0x00000000f6c80000)
  to   space 9216K, 0% used [0x00000000f5a80000,0x00000000f5a80000,0x00000000f6380000)
 ParOldGen       total 70144K, used 8121K [0x00000000c0000000, 0x00000000c4480000, 0x00000000eab00000)
  object space 70144K, 11% used [0x00000000c0000000,0x00000000c07ee6c0,0x00000000c4480000)
 Metaspace       used 34907K, capacity 35158K, committed 35416K, reserved 1079296K
  class space    used 4786K, capacity 4860K, committed 4864K, reserved 1048576K
}
Event: 10,348 GC heap before
{Heap before GC invocations=11 (full 2):
 PSYoungGen      total 188928K, used 179712K [0x00000000eab00000, 0x00000000f8600000, 0x0000000100000000)
  eden space 179712K, 100% used [0x00000000eab00000,0x00000000f5a80000,0x00000000f5a80000)
  from space 9216K, 0% used [0x00000000f6380000,0x00000000f6380000,0x00000000f6c80000)
  to   space 9216K, 0% used [0x00000000f5a80000,0x00000000f5a80000,0x00000000f6380000)
 ParOldGen       total 70144K, used 8121K [0x00000000c0000000, 0x00000000c4480000, 0x00000000eab00000)
  object space 70144K, 11% used [0x00000000c0000000,0x00000000c07ee6c0,0x00000000c4480000)
 Metaspace       used 53346K, capacity 53656K, committed 54016K, reserved 1095680K
  class space    used 7573K, capacity 7652K, committed 7680K, reserved 1048576K
Event: 10,375 GC heap after
Heap after GC invocations=11 (full 2):
 PSYoungGen      total 188928K, used 9198K [0x00000000eab00000, 0x00000000fae00000, 0x0000000100000000)
  eden space 179712K, 0% used [0x00000000eab00000,0x00000000eab00000,0x00000000f5a80000)
  from space 9216K, 99% used [0x00000000f5a80000,0x00000000f637bba8,0x00000000f6380000)
  to   space 14336K, 0% used [0x00000000fa000000,0x00000000fa000000,0x00000000fae00000)
 ParOldGen       total 70144K, used 19002K [0x00000000c0000000, 0x00000000c4480000, 0x00000000eab00000)
  object space 70144K, 27% used [0x00000000c0000000,0x00000000c128ebd0,0x00000000c4480000)
 Metaspace       used 53346K, capacity 53656K, committed 54016K, reserved 1095680K
  class space    used 7573K, capacity 7652K, committed 7680K, reserved 1048576K
}
Event: 13,500 GC heap before
{Heap before GC invocations=12 (full 2):
 PSYoungGen      total 188928K, used 99336K [0x00000000eab00000, 0x00000000fae00000, 0x0000000100000000)
  eden space 179712K, 50% used [0x00000000eab00000,0x00000000f03064e8,0x00000000f5a80000)
  from space 9216K, 99% used [0x00000000f5a80000,0x00000000f637bba8,0x00000000f6380000)
  to   space 14336K, 0% used [0x00000000fa000000,0x00000000fa000000,0x00000000fae00000)
 ParOldGen       total 70144K, used 19002K [0x00000000c0000000, 0x00000000c4480000, 0x00000000eab00000)
  object space 70144K, 27% used [0x00000000c0000000,0x00000000c128ebd0,0x00000000c4480000)
 Metaspace       used 58313K, capacity 58598K, committed 59008K, reserved 1099776K
  class space    used 8382K, capacity 8487K, committed 8576K, reserved 1048576K
Event: 13,539 GC heap after
Heap after GC invocations=12 (full 2):
 PSYoungGen      total 248832K, used 12409K [0x00000000eab00000, 0x00000000faf00000, 0x0000000100000000)
  eden space 234496K, 0% used [0x00000000eab00000,0x00000000eab00000,0x00000000f9000000)
  from space 14336K, 86% used [0x00000000fa000000,0x00000000fac1e6c0,0x00000000fae00000)
  to   space 15872K, 0% used [0x00000000f9000000,0x00000000f9000000,0x00000000f9f80000)
 ParOldGen       total 70144K, used 19010K [0x00000000c0000000, 0x00000000c4480000, 0x00000000eab00000)
  object space 70144K, 27% used [0x00000000c0000000,0x00000000c1290bd0,0x00000000c4480000)
 Metaspace       used 58313K, capacity 58598K, committed 59008K, reserved 1099776K
  class space    used 8382K, capacity 8487K, committed 8576K, reserved 1048576K
}
Event: 13,539 GC heap before
{Heap before GC invocations=13 (full 3):
 PSYoungGen      total 248832K, used 12409K [0x00000000eab00000, 0x00000000faf00000, 0x0000000100000000)
  eden space 234496K, 0% used [0x00000000eab00000,0x00000000eab00000,0x00000000f9000000)
  from space 14336K, 86% used [0x00000000fa000000,0x00000000fac1e6c0,0x00000000fae00000)
  to   space 15872K, 0% used [0x00000000f9000000,0x00000000f9000000,0x00000000f9f80000)
 ParOldGen       total 70144K, used 19010K [0x00000000c0000000, 0x00000000c4480000, 0x00000000eab00000)
  object space 70144K, 27% used [0x00000000c0000000,0x00000000c1290bd0,0x00000000c4480000)
 Metaspace       used 58313K, capacity 58598K, committed 59008K, reserved 1099776K
  class space    used 8382K, capacity 8487K, committed 8576K, reserved 1048576K
Event: 13,846 GC heap after
Heap after GC invocations=13 (full 3):
 PSYoungGen      total 248832K, used 0K [0x00000000eab00000, 0x00000000faf00000, 0x0000000100000000)
  eden space 234496K, 0% used [0x00000000eab00000,0x00000000eab00000,0x00000000f9000000)
  from space 14336K, 0% used [0x00000000fa000000,0x00000000fa000000,0x00000000fae00000)
  to   space 15872K, 0% used [0x00000000f9000000,0x00000000f9000000,0x00000000f9f80000)
 ParOldGen       total 107520K, used 18640K [0x00000000c0000000, 0x00000000c6900000, 0x00000000eab00000)
  object space 107520K, 17% used [0x00000000c0000000,0x00000000c1234378,0x00000000c6900000)
 Metaspace       used 58313K, capacity 58598K, committed 59008K, reserved 1099776K
  class space    used 8382K, capacity 8487K, committed 8576K, reserved 1048576K
}
Event: 21,681 GC heap before
{Heap before GC invocations=14 (full 3):
 PSYoungGen      total 248832K, used 234496K [0x00000000eab00000, 0x00000000faf00000, 0x0000000100000000)
  eden space 234496K, 100% used [0x00000000eab00000,0x00000000f9000000,0x00000000f9000000)
  from space 14336K, 0% used [0x00000000fa000000,0x00000000fa000000,0x00000000fae00000)
  to   space 15872K, 0% used [0x00000000f9000000,0x00000000f9000000,0x00000000f9f80000)
 ParOldGen       total 107520K, used 18640K [0x00000000c0000000, 0x00000000c6900000, 0x00000000eab00000)
  object space 107520K, 17% used [0x00000000c0000000,0x00000000c1234378,0x00000000c6900000)
 Metaspace       used 72518K, capacity 73004K, committed 73344K, reserved 1112064K
  class space    used 10632K, capacity 10757K, committed 10880K, reserved 1048576K

